<?xml version="1.0" encoding="UTF-8"?>
<!-- Generated by org.testng.reporters.JUnitReportReporter -->
<testsuite skipped="0" hostname="W00000PC149FMZ" name="com.amazon.tests.TestAmazonFlow" tests="1" failures="0" timestamp="2020-04-25T19:27:15 IST" time="64.615" errors="0">
  <testcase name="verifyHomePageTest" time="64.615" classname="com.amazon.tests.TestAmazonFlow"/>
</testsuite> <!-- com.amazon.tests.TestAmazonFlow -->
